nohup: ignoring input
I1031 06:40:12.215098 15629 caffe.cpp:99] Use GPU with device ID 0
I1031 06:40:12.396420 15629 caffe.cpp:107] Starting Optimization
I1031 06:40:12.396527 15629 solver.cpp:32] Initializing solver from parameters: 
test_iter: 1
test_interval: 30
base_lr: 1e-05
display: 1
max_iter: 6000
lr_policy: "step"
gamma: 0.1
momentum: 0.9
weight_decay: 0.0005
stepsize: 3000
snapshot: 2000
snapshot_prefix: "task/inadcl/fc7_rb/"
solver_mode: GPU
test_compute_loss: true
net: "task/inadcl/train_val.prototxt"
I1031 06:40:12.396550 15629 solver.cpp:67] Creating training net from net file: task/inadcl/train_val.prototxt
I1031 06:40:12.397124 15629 net.cpp:275] The NetState phase (0) differed from the phase (1) specified by a rule in layer data
I1031 06:40:12.397147 15629 net.cpp:275] The NetState phase (0) differed from the phase (1) specified by a rule in layer accuracy
I1031 06:40:12.397323 15629 net.cpp:39] Initializing net from parameters: 
name: "InadclCaffeNet"
layers {
  top: "data"
  top: "label"
  name: "data"
  type: IMAGE_DATA
  image_data_param {
    source: "data/inadcl/train.txt"
    batch_size: 256
    new_height: 256
    new_width: 256
  }
  include {
    phase: TRAIN
  }
  transform_param {
    mirror: true
    crop_size: 227
    mean_file: "/homes/ad6813/data/controlpoint_mean_256-227.binaryproto"
  }
}
layers {
  bottom: "data"
  top: "conv1"
  name: "conv1"
  type: CONVOLUTION
  blobs_lr: 0
  blobs_lr: 0
  weight_decay: 0
  weight_decay: 0
  convolution_param {
    num_output: 96
    kernel_size: 11
    stride: 4
    weight_filler {
      type: "gaussian"
      std: 0.01
    }
    bias_filler {
      type: "constant"
      value: 0
    }
  }
}
layers {
  bottom: "conv1"
  top: "conv1"
  name: "relu1"
  type: RELU
}
layers {
  bottom: "conv1"
  top: "pool1"
  name: "pool1"
  type: POOLING
  pooling_param {
    pool: MAX
    kernel_size: 3
    stride: 2
  }
}
layers {
  bottom: "pool1"
  top: "norm1"
  name: "norm1"
  type: LRN
  lrn_param {
    local_size: 5
    alpha: 0.0001
    beta: 0.75
  }
}
layers {
  bottom: "norm1"
  top: "conv2"
  name: "conv2"
  type: CONVOLUTION
  blobs_lr: 0
  blobs_lr: 0
  weight_decay: 0
  weight_decay: 0
  convolution_param {
    num_output: 256
    pad: 2
    kernel_size: 5
    group: 2
    weight_filler {
      type: "gaussian"
      std: 0.01
    }
    bias_filler {
      type: "constant"
      value: 1
    }
  }
}
layers {
  bottom: "conv2"
  top: "conv2"
  name: "relu2"
  type: RELU
}
layers {
  bottom: "conv2"
  top: "pool2"
  name: "pool2"
  type: POOLING
  pooling_param {
    pool: MAX
    kernel_size: 3
    stride: 2
  }
}
layers {
  bottom: "pool2"
  top: "norm2"
  name: "norm2"
  type: LRN
  lrn_param {
    local_size: 5
    alpha: 0.0001
    beta: 0.75
  }
}
layers {
  bottom: "norm2"
  top: "conv3"
  name: "conv3"
  type: CONVOLUTION
  blobs_lr: 0
  blobs_lr: 0
  weight_decay: 0
  weight_decay: 0
  convolution_param {
    num_output: 384
    pad: 1
    kernel_size: 3
    weight_filler {
      type: "gaussian"
      std: 0.01
    }
    bias_filler {
      type: "constant"
      value: 0
    }
  }
}
layers {
  bottom: "conv3"
  top: "conv3"
  name: "relu3"
  type: RELU
}
layers {
  bottom: "conv3"
  top: "conv4"
  name: "conv4"
  type: CONVOLUTION
  blobs_lr: 0
  blobs_lr: 0
  weight_decay: 0
  weight_decay: 0
  convolution_param {
    num_output: 384
    pad: 1
    kernel_size: 3
    group: 2
    weight_filler {
      type: "gaussian"
      std: 0.01
    }
    bias_filler {
      type: "constant"
      value: 1
    }
  }
}
layers {
  bottom: "conv4"
  top: "conv4"
  name: "relu4"
  type: RELU
}
layers {
  bottom: "conv4"
  top: "conv5"
  name: "conv5"
  type: CONVOLUTION
  blobs_lr: 0
  blobs_lr: 0
  weight_decay: 0
  weight_decay: 0
  convolution_param {
    num_output: 256
    pad: 1
    kernel_size: 3
    group: 2
    weight_filler {
      type: "gaussian"
      std: 0.01
    }
    bias_filler {
      type: "constant"
      value: 1
    }
  }
}
layers {
  bottom: "conv5"
  top: "conv5"
  name: "relu5"
  type: RELU
}
layers {
  bottom: "conv5"
  top: "pool5"
  name: "pool5"
  type: POOLING
  pooling_param {
    pool: MAX
    kernel_size: 3
    stride: 2
  }
}
layers {
  bottom: "pool5"
  top: "fc6"
  name: "fc6"
  type: INNER_PRODUCT
  blobs_lr: 0
  blobs_lr: 0
  weight_decay: 0
  weight_decay: 0
  inner_product_param {
    num_output: 4096
    weight_filler {
      type: "gaussian"
      std: 0.005
    }
    bias_filler {
      type: "constant"
      value: 1
    }
  }
}
layers {
  bottom: "fc6"
  top: "fc6"
  name: "relu6"
  type: RELU
}
layers {
  bottom: "fc6"
  top: "fc6"
  name: "drop6"
  type: DROPOUT
  dropout_param {
    dropout_ratio: 0.5
  }
}
layers {
  bottom: "fc6"
  top: "fc7"
  name: "fc7"
  type: INNER_PRODUCT
  blobs_lr: 0
  blobs_lr: 0
  weight_decay: 0
  weight_decay: 0
  inner_product_param {
    num_output: 4096
    weight_filler {
      type: "gaussian"
      std: 0.005
    }
    bias_filler {
      type: "constant"
      value: 1
    }
  }
}
layers {
  bottom: "fc7"
  top: "fc7"
  name: "relu7"
  type: RELU
}
layers {
  bottom: "fc7"
  top: "fc7"
  name: "drop7"
  type: DROPOUT
  dropout_param {
    dropout_ratio: 0.5
  }
}
layers {
  bottom: "fc7"
  top: "fc8_inadcl"
  name: "fc8_inadcl"
  type: INNER_PRODUCT
  blobs_lr: 1
  blobs_lr: 2
  weight_decay: 1
  weight_decay: 0
  inner_product_param {
    num_output: 2
    weight_filler {
      type: "gaussian"
      std: 0.01
    }
    bias_filler {
      type: "constant"
      value: 0
    }
  }
}
layers {
  bottom: "fc8_inadcl"
  bottom: "label"
  name: "loss"
  type: SOFTMAX_REBALANCED_LOSS
}
state {
  phase: TRAIN
}
I1031 06:40:12.397423 15629 net.cpp:67] Creating Layer data
I1031 06:40:12.397433 15629 net.cpp:356] data -> data
I1031 06:40:12.397450 15629 net.cpp:356] data -> label
I1031 06:40:12.397464 15629 net.cpp:96] Setting up data
I1031 06:40:12.397472 15629 image_data_layer.cpp:30] Opening file data/inadcl/train.txt
I1031 06:40:12.399584 15629 image_data_layer.cpp:45] A total of 5692 images.
I1031 06:40:12.405797 15629 image_data_layer.cpp:73] output data size: 256,3,227,227
I1031 06:40:12.405823 15629 base_data_layer.cpp:36] Loading mean file from/homes/ad6813/data/controlpoint_mean_256-227.binaryproto
I1031 06:40:12.427513 15629 net.cpp:103] Top shape: 256 3 227 227 (39574272)
I1031 06:40:12.427537 15629 net.cpp:103] Top shape: 256 1 1 1 (256)
I1031 06:40:12.427570 15629 net.cpp:67] Creating Layer conv1
I1031 06:40:12.427578 15629 net.cpp:394] conv1 <- data
I1031 06:40:12.427592 15629 net.cpp:356] conv1 -> conv1
I1031 06:40:12.427603 15629 net.cpp:96] Setting up conv1
I1031 06:40:12.443503 15629 net.cpp:103] Top shape: 256 96 55 55 (74342400)
I1031 06:40:12.443547 15629 net.cpp:67] Creating Layer relu1
I1031 06:40:12.443552 15629 net.cpp:394] relu1 <- conv1
I1031 06:40:12.443559 15629 net.cpp:345] relu1 -> conv1 (in-place)
I1031 06:40:12.443568 15629 net.cpp:96] Setting up relu1
I1031 06:40:12.443578 15629 net.cpp:103] Top shape: 256 96 55 55 (74342400)
I1031 06:40:12.443583 15629 net.cpp:67] Creating Layer pool1
I1031 06:40:12.443586 15629 net.cpp:394] pool1 <- conv1
I1031 06:40:12.443590 15629 net.cpp:356] pool1 -> pool1
I1031 06:40:12.443596 15629 net.cpp:96] Setting up pool1
I1031 06:40:12.443613 15629 net.cpp:103] Top shape: 256 96 27 27 (17915904)
I1031 06:40:12.443621 15629 net.cpp:67] Creating Layer norm1
I1031 06:40:12.443624 15629 net.cpp:394] norm1 <- pool1
I1031 06:40:12.443630 15629 net.cpp:356] norm1 -> norm1
I1031 06:40:12.443636 15629 net.cpp:96] Setting up norm1
I1031 06:40:12.443642 15629 net.cpp:103] Top shape: 256 96 27 27 (17915904)
I1031 06:40:12.443650 15629 net.cpp:67] Creating Layer conv2
I1031 06:40:12.443652 15629 net.cpp:394] conv2 <- norm1
I1031 06:40:12.443658 15629 net.cpp:356] conv2 -> conv2
I1031 06:40:12.443665 15629 net.cpp:96] Setting up conv2
I1031 06:40:12.451481 15629 net.cpp:103] Top shape: 256 256 27 27 (47775744)
I1031 06:40:12.451505 15629 net.cpp:67] Creating Layer relu2
I1031 06:40:12.451510 15629 net.cpp:394] relu2 <- conv2
I1031 06:40:12.451515 15629 net.cpp:345] relu2 -> conv2 (in-place)
I1031 06:40:12.451521 15629 net.cpp:96] Setting up relu2
I1031 06:40:12.451527 15629 net.cpp:103] Top shape: 256 256 27 27 (47775744)
I1031 06:40:12.451534 15629 net.cpp:67] Creating Layer pool2
I1031 06:40:12.451545 15629 net.cpp:394] pool2 <- conv2
I1031 06:40:12.451550 15629 net.cpp:356] pool2 -> pool2
I1031 06:40:12.451555 15629 net.cpp:96] Setting up pool2
I1031 06:40:12.451561 15629 net.cpp:103] Top shape: 256 256 13 13 (11075584)
I1031 06:40:12.451570 15629 net.cpp:67] Creating Layer norm2
I1031 06:40:12.451572 15629 net.cpp:394] norm2 <- pool2
I1031 06:40:12.451576 15629 net.cpp:356] norm2 -> norm2
I1031 06:40:12.451581 15629 net.cpp:96] Setting up norm2
I1031 06:40:12.451586 15629 net.cpp:103] Top shape: 256 256 13 13 (11075584)
I1031 06:40:12.451592 15629 net.cpp:67] Creating Layer conv3
I1031 06:40:12.451596 15629 net.cpp:394] conv3 <- norm2
I1031 06:40:12.451599 15629 net.cpp:356] conv3 -> conv3
I1031 06:40:12.451606 15629 net.cpp:96] Setting up conv3
I1031 06:40:12.473496 15629 net.cpp:103] Top shape: 256 384 13 13 (16613376)
I1031 06:40:12.473532 15629 net.cpp:67] Creating Layer relu3
I1031 06:40:12.473537 15629 net.cpp:394] relu3 <- conv3
I1031 06:40:12.473543 15629 net.cpp:345] relu3 -> conv3 (in-place)
I1031 06:40:12.473551 15629 net.cpp:96] Setting up relu3
I1031 06:40:12.473556 15629 net.cpp:103] Top shape: 256 384 13 13 (16613376)
I1031 06:40:12.473563 15629 net.cpp:67] Creating Layer conv4
I1031 06:40:12.473567 15629 net.cpp:394] conv4 <- conv3
I1031 06:40:12.473572 15629 net.cpp:356] conv4 -> conv4
I1031 06:40:12.473578 15629 net.cpp:96] Setting up conv4
I1031 06:40:12.490368 15629 net.cpp:103] Top shape: 256 384 13 13 (16613376)
I1031 06:40:12.490397 15629 net.cpp:67] Creating Layer relu4
I1031 06:40:12.490402 15629 net.cpp:394] relu4 <- conv4
I1031 06:40:12.490408 15629 net.cpp:345] relu4 -> conv4 (in-place)
I1031 06:40:12.490414 15629 net.cpp:96] Setting up relu4
I1031 06:40:12.490420 15629 net.cpp:103] Top shape: 256 384 13 13 (16613376)
I1031 06:40:12.490428 15629 net.cpp:67] Creating Layer conv5
I1031 06:40:12.490432 15629 net.cpp:394] conv5 <- conv4
I1031 06:40:12.490437 15629 net.cpp:356] conv5 -> conv5
I1031 06:40:12.490442 15629 net.cpp:96] Setting up conv5
I1031 06:40:12.501577 15629 net.cpp:103] Top shape: 256 256 13 13 (11075584)
I1031 06:40:12.501605 15629 net.cpp:67] Creating Layer relu5
I1031 06:40:12.501610 15629 net.cpp:394] relu5 <- conv5
I1031 06:40:12.501616 15629 net.cpp:345] relu5 -> conv5 (in-place)
I1031 06:40:12.501621 15629 net.cpp:96] Setting up relu5
I1031 06:40:12.501626 15629 net.cpp:103] Top shape: 256 256 13 13 (11075584)
I1031 06:40:12.501634 15629 net.cpp:67] Creating Layer pool5
I1031 06:40:12.501637 15629 net.cpp:394] pool5 <- conv5
I1031 06:40:12.501641 15629 net.cpp:356] pool5 -> pool5
I1031 06:40:12.501647 15629 net.cpp:96] Setting up pool5
I1031 06:40:12.501654 15629 net.cpp:103] Top shape: 256 256 6 6 (2359296)
I1031 06:40:12.501664 15629 net.cpp:67] Creating Layer fc6
I1031 06:40:12.501667 15629 net.cpp:394] fc6 <- pool5
I1031 06:40:12.501672 15629 net.cpp:356] fc6 -> fc6
I1031 06:40:12.501678 15629 net.cpp:96] Setting up fc6
I1031 06:40:13.421707 15629 net.cpp:103] Top shape: 256 4096 1 1 (1048576)
I1031 06:40:13.421738 15629 net.cpp:67] Creating Layer relu6
I1031 06:40:13.421743 15629 net.cpp:394] relu6 <- fc6
I1031 06:40:13.421751 15629 net.cpp:345] relu6 -> fc6 (in-place)
I1031 06:40:13.421759 15629 net.cpp:96] Setting up relu6
I1031 06:40:13.421774 15629 net.cpp:103] Top shape: 256 4096 1 1 (1048576)
I1031 06:40:13.421779 15629 net.cpp:67] Creating Layer drop6
I1031 06:40:13.421782 15629 net.cpp:394] drop6 <- fc6
I1031 06:40:13.421787 15629 net.cpp:345] drop6 -> fc6 (in-place)
I1031 06:40:13.421792 15629 net.cpp:96] Setting up drop6
I1031 06:40:13.421798 15629 net.cpp:103] Top shape: 256 4096 1 1 (1048576)
I1031 06:40:13.421803 15629 net.cpp:67] Creating Layer fc7
I1031 06:40:13.421807 15629 net.cpp:394] fc7 <- fc6
I1031 06:40:13.421811 15629 net.cpp:356] fc7 -> fc7
I1031 06:40:13.421818 15629 net.cpp:96] Setting up fc7
I1031 06:40:13.829144 15629 net.cpp:103] Top shape: 256 4096 1 1 (1048576)
I1031 06:40:13.829190 15629 net.cpp:67] Creating Layer relu7
I1031 06:40:13.829195 15629 net.cpp:394] relu7 <- fc7
I1031 06:40:13.829212 15629 net.cpp:345] relu7 -> fc7 (in-place)
I1031 06:40:13.829221 15629 net.cpp:96] Setting up relu7
I1031 06:40:13.829236 15629 net.cpp:103] Top shape: 256 4096 1 1 (1048576)
I1031 06:40:13.829242 15629 net.cpp:67] Creating Layer drop7
I1031 06:40:13.829246 15629 net.cpp:394] drop7 <- fc7
I1031 06:40:13.829249 15629 net.cpp:345] drop7 -> fc7 (in-place)
I1031 06:40:13.829253 15629 net.cpp:96] Setting up drop7
I1031 06:40:13.829257 15629 net.cpp:103] Top shape: 256 4096 1 1 (1048576)
I1031 06:40:13.829263 15629 net.cpp:67] Creating Layer fc8_inadcl
I1031 06:40:13.829267 15629 net.cpp:394] fc8_inadcl <- fc7
I1031 06:40:13.829272 15629 net.cpp:356] fc8_inadcl -> fc8_inadcl
I1031 06:40:13.829278 15629 net.cpp:96] Setting up fc8_inadcl
I1031 06:40:13.829509 15629 net.cpp:103] Top shape: 256 2 1 1 (512)
I1031 06:40:13.829519 15629 net.cpp:67] Creating Layer loss
I1031 06:40:13.829522 15629 net.cpp:394] loss <- fc8_inadcl
I1031 06:40:13.829529 15629 net.cpp:394] loss <- label
I1031 06:40:13.829534 15629 net.cpp:356] loss -> (automatic)
I1031 06:40:13.829537 15629 net.cpp:96] Setting up loss
I1031 06:40:13.829548 15629 net.cpp:103] Top shape: 1 1 1 1 (1)
I1031 06:40:13.829552 15629 net.cpp:109]     with loss weight 1
I1031 06:40:13.829587 15629 net.cpp:170] loss needs backward computation.
I1031 06:40:13.829591 15629 net.cpp:170] fc8_inadcl needs backward computation.
I1031 06:40:13.829594 15629 net.cpp:172] drop7 does not need backward computation.
I1031 06:40:13.829597 15629 net.cpp:172] relu7 does not need backward computation.
I1031 06:40:13.829601 15629 net.cpp:172] fc7 does not need backward computation.
I1031 06:40:13.829602 15629 net.cpp:172] drop6 does not need backward computation.
I1031 06:40:13.829605 15629 net.cpp:172] relu6 does not need backward computation.
I1031 06:40:13.829608 15629 net.cpp:172] fc6 does not need backward computation.
I1031 06:40:13.829612 15629 net.cpp:172] pool5 does not need backward computation.
I1031 06:40:13.829614 15629 net.cpp:172] relu5 does not need backward computation.
I1031 06:40:13.829617 15629 net.cpp:172] conv5 does not need backward computation.
I1031 06:40:13.829619 15629 net.cpp:172] relu4 does not need backward computation.
I1031 06:40:13.829622 15629 net.cpp:172] conv4 does not need backward computation.
I1031 06:40:13.829625 15629 net.cpp:172] relu3 does not need backward computation.
I1031 06:40:13.829628 15629 net.cpp:172] conv3 does not need backward computation.
I1031 06:40:13.829635 15629 net.cpp:172] norm2 does not need backward computation.
I1031 06:40:13.829638 15629 net.cpp:172] pool2 does not need backward computation.
I1031 06:40:13.829641 15629 net.cpp:172] relu2 does not need backward computation.
I1031 06:40:13.829646 15629 net.cpp:172] conv2 does not need backward computation.
I1031 06:40:13.829649 15629 net.cpp:172] norm1 does not need backward computation.
I1031 06:40:13.829653 15629 net.cpp:172] pool1 does not need backward computation.
I1031 06:40:13.829655 15629 net.cpp:172] relu1 does not need backward computation.
I1031 06:40:13.829658 15629 net.cpp:172] conv1 does not need backward computation.
I1031 06:40:13.829661 15629 net.cpp:172] data does not need backward computation.
I1031 06:40:13.829673 15629 net.cpp:467] Collecting Learning Rate and Weight Decay.
I1031 06:40:13.829679 15629 net.cpp:219] Network initialization done.
I1031 06:40:13.829682 15629 net.cpp:220] Memory required for data: 1756198916
I1031 06:40:13.830270 15629 solver.cpp:151] Creating test net (#0) specified by net file: task/inadcl/train_val.prototxt
I1031 06:40:13.830307 15629 net.cpp:275] The NetState phase (1) differed from the phase (0) specified by a rule in layer data
I1031 06:40:13.830515 15629 net.cpp:39] Initializing net from parameters: 
name: "InadclCaffeNet"
layers {
  top: "data"
  top: "label"
  name: "data"
  type: IMAGE_DATA
  image_data_param {
    source: "data/inadcl/val.txt"
    batch_size: 149
    new_height: 256
    new_width: 256
  }
  include {
    phase: TEST
  }
  transform_param {
    mirror: true
    crop_size: 227
    mean_file: "/homes/ad6813/data/controlpoint_mean_256-227.binaryproto"
  }
}
layers {
  bottom: "data"
  top: "conv1"
  name: "conv1"
  type: CONVOLUTION
  blobs_lr: 0
  blobs_lr: 0
  weight_decay: 0
  weight_decay: 0
  convolution_param {
    num_output: 96
    kernel_size: 11
    stride: 4
    weight_filler {
      type: "gaussian"
      std: 0.01
    }
    bias_filler {
      type: "constant"
      value: 0
    }
  }
}
layers {
  bottom: "conv1"
  top: "conv1"
  name: "relu1"
  type: RELU
}
layers {
  bottom: "conv1"
  top: "pool1"
  name: "pool1"
  type: POOLING
  pooling_param {
    pool: MAX
    kernel_size: 3
    stride: 2
  }
}
layers {
  bottom: "pool1"
  top: "norm1"
  name: "norm1"
  type: LRN
  lrn_param {
    local_size: 5
    alpha: 0.0001
    beta: 0.75
  }
}
layers {
  bottom: "norm1"
  top: "conv2"
  name: "conv2"
  type: CONVOLUTION
  blobs_lr: 0
  blobs_lr: 0
  weight_decay: 0
  weight_decay: 0
  convolution_param {
    num_output: 256
    pad: 2
    kernel_size: 5
    group: 2
    weight_filler {
      type: "gaussian"
      std: 0.01
    }
    bias_filler {
      type: "constant"
      value: 1
    }
  }
}
layers {
  bottom: "conv2"
  top: "conv2"
  name: "relu2"
  type: RELU
}
layers {
  bottom: "conv2"
  top: "pool2"
  name: "pool2"
  type: POOLING
  pooling_param {
    pool: MAX
    kernel_size: 3
    stride: 2
  }
}
layers {
  bottom: "pool2"
  top: "norm2"
  name: "norm2"
  type: LRN
  lrn_param {
    local_size: 5
    alpha: 0.0001
    beta: 0.75
  }
}
layers {
  bottom: "norm2"
  top: "conv3"
  name: "conv3"
  type: CONVOLUTION
  blobs_lr: 0
  blobs_lr: 0
  weight_decay: 0
  weight_decay: 0
  convolution_param {
    num_output: 384
    pad: 1
    kernel_size: 3
    weight_filler {
      type: "gaussian"
      std: 0.01
    }
    bias_filler {
      type: "constant"
      value: 0
    }
  }
}
layers {
  bottom: "conv3"
  top: "conv3"
  name: "relu3"
  type: RELU
}
layers {
  bottom: "conv3"
  top: "conv4"
  name: "conv4"
  type: CONVOLUTION
  blobs_lr: 0
  blobs_lr: 0
  weight_decay: 0
  weight_decay: 0
  convolution_param {
    num_output: 384
    pad: 1
    kernel_size: 3
    group: 2
    weight_filler {
      type: "gaussian"
      std: 0.01
    }
    bias_filler {
      type: "constant"
      value: 1
    }
  }
}
layers {
  bottom: "conv4"
  top: "conv4"
  name: "relu4"
  type: RELU
}
layers {
  bottom: "conv4"
  top: "conv5"
  name: "conv5"
  type: CONVOLUTION
  blobs_lr: 0
  blobs_lr: 0
  weight_decay: 0
  weight_decay: 0
  convolution_param {
    num_output: 256
    pad: 1
    kernel_size: 3
    group: 2
    weight_filler {
      type: "gaussian"
      std: 0.01
    }
    bias_filler {
      type: "constant"
      value: 1
    }
  }
}
layers {
  bottom: "conv5"
  top: "conv5"
  name: "relu5"
  type: RELU
}
layers {
  bottom: "conv5"
  top: "pool5"
  name: "pool5"
  type: POOLING
  pooling_param {
    pool: MAX
    kernel_size: 3
    stride: 2
  }
}
layers {
  bottom: "pool5"
  top: "fc6"
  name: "fc6"
  type: INNER_PRODUCT
  blobs_lr: 0
  blobs_lr: 0
  weight_decay: 0
  weight_decay: 0
  inner_product_param {
    num_output: 4096
    weight_filler {
      type: "gaussian"
      std: 0.005
    }
    bias_filler {
      type: "constant"
      value: 1
    }
  }
}
layers {
  bottom: "fc6"
  top: "fc6"
  name: "relu6"
  type: RELU
}
layers {
  bottom: "fc6"
  top: "fc6"
  name: "drop6"
  type: DROPOUT
  dropout_param {
    dropout_ratio: 0.5
  }
}
layers {
  bottom: "fc6"
  top: "fc7"
  name: "fc7"
  type: INNER_PRODUCT
  blobs_lr: 0
  blobs_lr: 0
  weight_decay: 0
  weight_decay: 0
  inner_product_param {
    num_output: 4096
    weight_filler {
      type: "gaussian"
      std: 0.005
    }
    bias_filler {
      type: "constant"
      value: 1
    }
  }
}
layers {
  bottom: "fc7"
  top: "fc7"
  name: "relu7"
  type: RELU
}
layers {
  bottom: "fc7"
  top: "fc7"
  name: "drop7"
  type: DROPOUT
  dropout_param {
    dropout_ratio: 0.5
  }
}
layers {
  bottom: "fc7"
  top: "fc8_inadcl"
  name: "fc8_inadcl"
  type: INNER_PRODUCT
  blobs_lr: 1
  blobs_lr: 2
  weight_decay: 1
  weight_decay: 0
  inner_product_param {
    num_output: 2
    weight_filler {
      type: "gaussian"
      std: 0.01
    }
    bias_filler {
      type: "constant"
      value: 0
    }
  }
}
layers {
  bottom: "fc8_inadcl"
  bottom: "label"
  name: "loss"
  type: SOFTMAX_REBALANCED_LOSS
}
layers {
  bottom: "fc8_inadcl"
  bottom: "label"
  top: "accuracy"
  name: "accuracy"
  type: PER_CLASS_ACCURACY
  include {
    phase: TEST
  }
}
state {
  phase: TEST
}
I1031 06:40:13.830634 15629 net.cpp:67] Creating Layer data
I1031 06:40:13.830641 15629 net.cpp:356] data -> data
I1031 06:40:13.830648 15629 net.cpp:356] data -> label
I1031 06:40:13.830665 15629 net.cpp:96] Setting up data
I1031 06:40:13.830670 15629 image_data_layer.cpp:30] Opening file data/inadcl/val.txt
I1031 06:40:13.830754 15629 image_data_layer.cpp:45] A total of 149 images.
I1031 06:40:13.837501 15629 image_data_layer.cpp:73] output data size: 149,3,227,227
I1031 06:40:13.837527 15629 base_data_layer.cpp:36] Loading mean file from/homes/ad6813/data/controlpoint_mean_256-227.binaryproto
I1031 06:40:13.849364 15629 net.cpp:103] Top shape: 149 3 227 227 (23033463)
I1031 06:40:13.849390 15629 net.cpp:103] Top shape: 149 1 1 1 (149)
I1031 06:40:13.849402 15629 net.cpp:67] Creating Layer label_data_1_split
I1031 06:40:13.849406 15629 net.cpp:394] label_data_1_split <- label
I1031 06:40:13.849413 15629 net.cpp:356] label_data_1_split -> label_data_1_split_0
I1031 06:40:13.849423 15629 net.cpp:356] label_data_1_split -> label_data_1_split_1
I1031 06:40:13.849429 15629 net.cpp:96] Setting up label_data_1_split
I1031 06:40:13.849438 15629 net.cpp:103] Top shape: 149 1 1 1 (149)
I1031 06:40:13.849442 15629 net.cpp:103] Top shape: 149 1 1 1 (149)
I1031 06:40:13.849448 15629 net.cpp:67] Creating Layer conv1
I1031 06:40:13.849452 15629 net.cpp:394] conv1 <- data
I1031 06:40:13.849459 15629 net.cpp:356] conv1 -> conv1
I1031 06:40:13.849465 15629 net.cpp:96] Setting up conv1
I1031 06:40:13.850447 15629 net.cpp:103] Top shape: 149 96 55 55 (43269600)
I1031 06:40:13.850464 15629 net.cpp:67] Creating Layer relu1
I1031 06:40:13.850468 15629 net.cpp:394] relu1 <- conv1
I1031 06:40:13.850472 15629 net.cpp:345] relu1 -> conv1 (in-place)
I1031 06:40:13.850477 15629 net.cpp:96] Setting up relu1
I1031 06:40:13.850482 15629 net.cpp:103] Top shape: 149 96 55 55 (43269600)
I1031 06:40:13.850489 15629 net.cpp:67] Creating Layer pool1
I1031 06:40:13.850492 15629 net.cpp:394] pool1 <- conv1
I1031 06:40:13.850497 15629 net.cpp:356] pool1 -> pool1
I1031 06:40:13.850502 15629 net.cpp:96] Setting up pool1
I1031 06:40:13.850508 15629 net.cpp:103] Top shape: 149 96 27 27 (10427616)
I1031 06:40:13.850513 15629 net.cpp:67] Creating Layer norm1
I1031 06:40:13.850517 15629 net.cpp:394] norm1 <- pool1
I1031 06:40:13.850522 15629 net.cpp:356] norm1 -> norm1
I1031 06:40:13.850525 15629 net.cpp:96] Setting up norm1
I1031 06:40:13.850529 15629 net.cpp:103] Top shape: 149 96 27 27 (10427616)
I1031 06:40:13.850535 15629 net.cpp:67] Creating Layer conv2
I1031 06:40:13.850538 15629 net.cpp:394] conv2 <- norm1
I1031 06:40:13.850543 15629 net.cpp:356] conv2 -> conv2
I1031 06:40:13.850548 15629 net.cpp:96] Setting up conv2
I1031 06:40:13.858271 15629 net.cpp:103] Top shape: 149 256 27 27 (27806976)
I1031 06:40:13.858289 15629 net.cpp:67] Creating Layer relu2
I1031 06:40:13.858294 15629 net.cpp:394] relu2 <- conv2
I1031 06:40:13.858299 15629 net.cpp:345] relu2 -> conv2 (in-place)
I1031 06:40:13.858304 15629 net.cpp:96] Setting up relu2
I1031 06:40:13.858309 15629 net.cpp:103] Top shape: 149 256 27 27 (27806976)
I1031 06:40:13.858314 15629 net.cpp:67] Creating Layer pool2
I1031 06:40:13.858317 15629 net.cpp:394] pool2 <- conv2
I1031 06:40:13.858321 15629 net.cpp:356] pool2 -> pool2
I1031 06:40:13.858327 15629 net.cpp:96] Setting up pool2
I1031 06:40:13.858333 15629 net.cpp:103] Top shape: 149 256 13 13 (6446336)
I1031 06:40:13.858338 15629 net.cpp:67] Creating Layer norm2
I1031 06:40:13.858341 15629 net.cpp:394] norm2 <- pool2
I1031 06:40:13.858345 15629 net.cpp:356] norm2 -> norm2
I1031 06:40:13.858350 15629 net.cpp:96] Setting up norm2
I1031 06:40:13.858361 15629 net.cpp:103] Top shape: 149 256 13 13 (6446336)
I1031 06:40:13.858367 15629 net.cpp:67] Creating Layer conv3
I1031 06:40:13.858371 15629 net.cpp:394] conv3 <- norm2
I1031 06:40:13.858376 15629 net.cpp:356] conv3 -> conv3
I1031 06:40:13.858381 15629 net.cpp:96] Setting up conv3
I1031 06:40:13.880316 15629 net.cpp:103] Top shape: 149 384 13 13 (9669504)
I1031 06:40:13.880348 15629 net.cpp:67] Creating Layer relu3
I1031 06:40:13.880353 15629 net.cpp:394] relu3 <- conv3
I1031 06:40:13.880359 15629 net.cpp:345] relu3 -> conv3 (in-place)
I1031 06:40:13.880367 15629 net.cpp:96] Setting up relu3
I1031 06:40:13.880373 15629 net.cpp:103] Top shape: 149 384 13 13 (9669504)
I1031 06:40:13.880378 15629 net.cpp:67] Creating Layer conv4
I1031 06:40:13.880381 15629 net.cpp:394] conv4 <- conv3
I1031 06:40:13.880388 15629 net.cpp:356] conv4 -> conv4
I1031 06:40:13.880394 15629 net.cpp:96] Setting up conv4
I1031 06:40:13.897054 15629 net.cpp:103] Top shape: 149 384 13 13 (9669504)
I1031 06:40:13.897078 15629 net.cpp:67] Creating Layer relu4
I1031 06:40:13.897083 15629 net.cpp:394] relu4 <- conv4
I1031 06:40:13.897089 15629 net.cpp:345] relu4 -> conv4 (in-place)
I1031 06:40:13.897094 15629 net.cpp:96] Setting up relu4
I1031 06:40:13.897099 15629 net.cpp:103] Top shape: 149 384 13 13 (9669504)
I1031 06:40:13.897107 15629 net.cpp:67] Creating Layer conv5
I1031 06:40:13.897110 15629 net.cpp:394] conv5 <- conv4
I1031 06:40:13.897116 15629 net.cpp:356] conv5 -> conv5
I1031 06:40:13.897121 15629 net.cpp:96] Setting up conv5
I1031 06:40:13.908406 15629 net.cpp:103] Top shape: 149 256 13 13 (6446336)
I1031 06:40:13.908434 15629 net.cpp:67] Creating Layer relu5
I1031 06:40:13.908439 15629 net.cpp:394] relu5 <- conv5
I1031 06:40:13.908444 15629 net.cpp:345] relu5 -> conv5 (in-place)
I1031 06:40:13.908450 15629 net.cpp:96] Setting up relu5
I1031 06:40:13.908455 15629 net.cpp:103] Top shape: 149 256 13 13 (6446336)
I1031 06:40:13.908464 15629 net.cpp:67] Creating Layer pool5
I1031 06:40:13.908468 15629 net.cpp:394] pool5 <- conv5
I1031 06:40:13.908471 15629 net.cpp:356] pool5 -> pool5
I1031 06:40:13.908478 15629 net.cpp:96] Setting up pool5
I1031 06:40:13.908484 15629 net.cpp:103] Top shape: 149 256 6 6 (1373184)
I1031 06:40:13.908493 15629 net.cpp:67] Creating Layer fc6
I1031 06:40:13.908495 15629 net.cpp:394] fc6 <- pool5
I1031 06:40:13.908500 15629 net.cpp:356] fc6 -> fc6
I1031 06:40:13.908505 15629 net.cpp:96] Setting up fc6
I1031 06:40:14.829164 15629 net.cpp:103] Top shape: 149 4096 1 1 (610304)
I1031 06:40:14.829196 15629 net.cpp:67] Creating Layer relu6
I1031 06:40:14.829201 15629 net.cpp:394] relu6 <- fc6
I1031 06:40:14.829208 15629 net.cpp:345] relu6 -> fc6 (in-place)
I1031 06:40:14.829216 15629 net.cpp:96] Setting up relu6
I1031 06:40:14.829229 15629 net.cpp:103] Top shape: 149 4096 1 1 (610304)
I1031 06:40:14.829236 15629 net.cpp:67] Creating Layer drop6
I1031 06:40:14.829239 15629 net.cpp:394] drop6 <- fc6
I1031 06:40:14.829244 15629 net.cpp:345] drop6 -> fc6 (in-place)
I1031 06:40:14.829248 15629 net.cpp:96] Setting up drop6
I1031 06:40:14.829252 15629 net.cpp:103] Top shape: 149 4096 1 1 (610304)
I1031 06:40:14.829258 15629 net.cpp:67] Creating Layer fc7
I1031 06:40:14.829262 15629 net.cpp:394] fc7 <- fc6
I1031 06:40:14.829267 15629 net.cpp:356] fc7 -> fc7
I1031 06:40:14.829272 15629 net.cpp:96] Setting up fc7
I1031 06:40:15.224345 15629 net.cpp:103] Top shape: 149 4096 1 1 (610304)
I1031 06:40:15.224393 15629 net.cpp:67] Creating Layer relu7
I1031 06:40:15.224400 15629 net.cpp:394] relu7 <- fc7
I1031 06:40:15.224406 15629 net.cpp:345] relu7 -> fc7 (in-place)
I1031 06:40:15.224413 15629 net.cpp:96] Setting up relu7
I1031 06:40:15.224428 15629 net.cpp:103] Top shape: 149 4096 1 1 (610304)
I1031 06:40:15.224434 15629 net.cpp:67] Creating Layer drop7
I1031 06:40:15.224437 15629 net.cpp:394] drop7 <- fc7
I1031 06:40:15.224443 15629 net.cpp:345] drop7 -> fc7 (in-place)
I1031 06:40:15.224448 15629 net.cpp:96] Setting up drop7
I1031 06:40:15.224452 15629 net.cpp:103] Top shape: 149 4096 1 1 (610304)
I1031 06:40:15.224458 15629 net.cpp:67] Creating Layer fc8_inadcl
I1031 06:40:15.224472 15629 net.cpp:394] fc8_inadcl <- fc7
I1031 06:40:15.224478 15629 net.cpp:356] fc8_inadcl -> fc8_inadcl
I1031 06:40:15.224488 15629 net.cpp:96] Setting up fc8_inadcl
I1031 06:40:15.224712 15629 net.cpp:103] Top shape: 149 2 1 1 (298)
I1031 06:40:15.224725 15629 net.cpp:67] Creating Layer fc8_inadcl_fc8_inadcl_0_split
I1031 06:40:15.224728 15629 net.cpp:394] fc8_inadcl_fc8_inadcl_0_split <- fc8_inadcl
I1031 06:40:15.224733 15629 net.cpp:356] fc8_inadcl_fc8_inadcl_0_split -> fc8_inadcl_fc8_inadcl_0_split_0
I1031 06:40:15.224738 15629 net.cpp:356] fc8_inadcl_fc8_inadcl_0_split -> fc8_inadcl_fc8_inadcl_0_split_1
I1031 06:40:15.224745 15629 net.cpp:96] Setting up fc8_inadcl_fc8_inadcl_0_split
I1031 06:40:15.224748 15629 net.cpp:103] Top shape: 149 2 1 1 (298)
I1031 06:40:15.224751 15629 net.cpp:103] Top shape: 149 2 1 1 (298)
I1031 06:40:15.224757 15629 net.cpp:67] Creating Layer loss
I1031 06:40:15.224761 15629 net.cpp:394] loss <- fc8_inadcl_fc8_inadcl_0_split_0
I1031 06:40:15.224766 15629 net.cpp:394] loss <- label_data_1_split_0
I1031 06:40:15.224769 15629 net.cpp:356] loss -> (automatic)
I1031 06:40:15.224773 15629 net.cpp:96] Setting up loss
I1031 06:40:15.224781 15629 net.cpp:103] Top shape: 1 1 1 1 (1)
I1031 06:40:15.224784 15629 net.cpp:109]     with loss weight 1
I1031 06:40:15.224804 15629 net.cpp:67] Creating Layer accuracy
I1031 06:40:15.224807 15629 net.cpp:394] accuracy <- fc8_inadcl_fc8_inadcl_0_split_1
I1031 06:40:15.224812 15629 net.cpp:394] accuracy <- label_data_1_split_1
I1031 06:40:15.224815 15629 net.cpp:356] accuracy -> accuracy
I1031 06:40:15.224820 15629 net.cpp:96] Setting up accuracy
I1031 06:40:15.224825 15629 net.cpp:103] Top shape: 1 1 1 4 (4)
I1031 06:40:15.224828 15629 net.cpp:172] accuracy does not need backward computation.
I1031 06:40:15.224831 15629 net.cpp:170] loss needs backward computation.
I1031 06:40:15.224835 15629 net.cpp:170] fc8_inadcl_fc8_inadcl_0_split needs backward computation.
I1031 06:40:15.224843 15629 net.cpp:170] fc8_inadcl needs backward computation.
I1031 06:40:15.224845 15629 net.cpp:172] drop7 does not need backward computation.
I1031 06:40:15.224848 15629 net.cpp:172] relu7 does not need backward computation.
I1031 06:40:15.224851 15629 net.cpp:172] fc7 does not need backward computation.
I1031 06:40:15.224854 15629 net.cpp:172] drop6 does not need backward computation.
I1031 06:40:15.224856 15629 net.cpp:172] relu6 does not need backward computation.
I1031 06:40:15.224859 15629 net.cpp:172] fc6 does not need backward computation.
I1031 06:40:15.224864 15629 net.cpp:172] pool5 does not need backward computation.
I1031 06:40:15.224867 15629 net.cpp:172] relu5 does not need backward computation.
I1031 06:40:15.224870 15629 net.cpp:172] conv5 does not need backward computation.
I1031 06:40:15.224874 15629 net.cpp:172] relu4 does not need backward computation.
I1031 06:40:15.224876 15629 net.cpp:172] conv4 does not need backward computation.
I1031 06:40:15.224879 15629 net.cpp:172] relu3 does not need backward computation.
I1031 06:40:15.224882 15629 net.cpp:172] conv3 does not need backward computation.
I1031 06:40:15.224885 15629 net.cpp:172] norm2 does not need backward computation.
I1031 06:40:15.224889 15629 net.cpp:172] pool2 does not need backward computation.
I1031 06:40:15.224891 15629 net.cpp:172] relu2 does not need backward computation.
I1031 06:40:15.224894 15629 net.cpp:172] conv2 does not need backward computation.
I1031 06:40:15.224896 15629 net.cpp:172] norm1 does not need backward computation.
I1031 06:40:15.224900 15629 net.cpp:172] pool1 does not need backward computation.
I1031 06:40:15.224901 15629 net.cpp:172] relu1 does not need backward computation.
I1031 06:40:15.224905 15629 net.cpp:172] conv1 does not need backward computation.
I1031 06:40:15.224907 15629 net.cpp:172] label_data_1_split does not need backward computation.
I1031 06:40:15.224910 15629 net.cpp:172] data does not need backward computation.
I1031 06:40:15.224913 15629 net.cpp:208] This network produces output accuracy
I1031 06:40:15.224932 15629 net.cpp:467] Collecting Learning Rate and Weight Decay.
I1031 06:40:15.224939 15629 net.cpp:219] Network initialization done.
I1031 06:40:15.224941 15629 net.cpp:220] Memory required for data: 1022166244
I1031 06:40:15.225013 15629 solver.cpp:41] Solver scaffolding done.
I1031 06:40:15.225019 15629 caffe.cpp:115] Finetuning from task/alexnet/wts
E1031 06:40:15.524498 15629 upgrade_proto.cpp:615] Attempting to upgrade input file specified using deprecated transformation parameters: task/alexnet/wts
I1031 06:40:15.524626 15629 upgrade_proto.cpp:618] Successfully upgraded file specified using deprecated data transformation parameters.
E1031 06:40:15.524631 15629 upgrade_proto.cpp:620] Note that future Caffe releases will only support transform_param messages for transformation fields.
I1031 06:40:15.560765 15629 solver.cpp:160] Solving InadclCaffeNet
I1031 06:40:15.560827 15629 solver.cpp:247] Iteration 0, Testing net (#0)
I1031 06:40:15.786413 15629 solver.cpp:285] Test loss: 0.746999
I1031 06:40:15.786453 15629 solver.cpp:298]     Test net output #0: accuracy = 0.405941
I1031 06:40:15.786459 15629 solver.cpp:298]     Test net output #1: accuracy = 0.708333
I1031 06:40:15.786463 15629 solver.cpp:298]     Test net output #2: accuracy = 0.557137
I1031 06:40:15.786468 15629 solver.cpp:298]     Test net output #3: accuracy = 0.503356
I1031 06:40:16.071383 15629 solver.cpp:191] Iteration 0, loss = 0.794653
I1031 06:40:16.071420 15629 solver.cpp:403] Iteration 0, lr = 1e-05
I1031 06:40:17.135318 15629 solver.cpp:191] Iteration 1, loss = 0.891204
I1031 06:40:17.135354 15629 solver.cpp:403] Iteration 1, lr = 1e-05
I1031 06:40:18.242800 15629 solver.cpp:191] Iteration 2, loss = 0.759462
I1031 06:40:18.242836 15629 solver.cpp:403] Iteration 2, lr = 1e-05
I1031 06:40:19.370884 15629 solver.cpp:191] Iteration 3, loss = 0.690672
I1031 06:40:19.370918 15629 solver.cpp:403] Iteration 3, lr = 1e-05
I1031 06:40:20.522693 15629 solver.cpp:191] Iteration 4, loss = 0.785534
I1031 06:40:20.522728 15629 solver.cpp:403] Iteration 4, lr = 1e-05
I1031 06:40:21.615188 15629 solver.cpp:191] Iteration 5, loss = 0.938468
I1031 06:40:21.615224 15629 solver.cpp:403] Iteration 5, lr = 1e-05
I1031 06:40:22.741269 15629 solver.cpp:191] Iteration 6, loss = 0.778776
I1031 06:40:22.741305 15629 solver.cpp:403] Iteration 6, lr = 1e-05
I1031 06:40:23.862154 15629 solver.cpp:191] Iteration 7, loss = 0.77805
I1031 06:40:23.862187 15629 solver.cpp:403] Iteration 7, lr = 1e-05
I1031 06:40:24.926328 15629 solver.cpp:191] Iteration 8, loss = 0.785192
I1031 06:40:24.926365 15629 solver.cpp:403] Iteration 8, lr = 1e-05
I1031 06:40:25.997383 15629 solver.cpp:191] Iteration 9, loss = 0.814822
I1031 06:40:25.997418 15629 solver.cpp:403] Iteration 9, lr = 1e-05
I1031 06:40:27.076180 15629 solver.cpp:191] Iteration 10, loss = 0.744407
I1031 06:40:27.076215 15629 solver.cpp:403] Iteration 10, lr = 1e-05
I1031 06:40:28.217737 15629 solver.cpp:191] Iteration 11, loss = 0.801441
I1031 06:40:28.217772 15629 solver.cpp:403] Iteration 11, lr = 1e-05
I1031 06:40:29.359073 15629 solver.cpp:191] Iteration 12, loss = 0.747159
I1031 06:40:29.359108 15629 solver.cpp:403] Iteration 12, lr = 1e-05
I1031 06:40:30.477805 15629 solver.cpp:191] Iteration 13, loss = 0.764978
I1031 06:40:30.477840 15629 solver.cpp:403] Iteration 13, lr = 1e-05
I1031 06:40:31.554729 15629 solver.cpp:191] Iteration 14, loss = 0.764292
I1031 06:40:31.554766 15629 solver.cpp:403] Iteration 14, lr = 1e-05
I1031 06:40:32.620998 15629 solver.cpp:191] Iteration 15, loss = 0.792096
I1031 06:40:32.621034 15629 solver.cpp:403] Iteration 15, lr = 1e-05
I1031 06:40:33.531152 15629 solver.cpp:191] Iteration 16, loss = 0.884854
I1031 06:40:33.531188 15629 solver.cpp:403] Iteration 16, lr = 1e-05
I1031 06:40:34.400094 15629 solver.cpp:191] Iteration 17, loss = 0.479364
I1031 06:40:34.400127 15629 solver.cpp:403] Iteration 17, lr = 1e-05
I1031 06:40:35.263481 15629 solver.cpp:191] Iteration 18, loss = 0.445707
I1031 06:40:35.263515 15629 solver.cpp:403] Iteration 18, lr = 1e-05
I1031 06:40:36.128938 15629 solver.cpp:191] Iteration 19, loss = 0.430484
I1031 06:40:36.128983 15629 solver.cpp:403] Iteration 19, lr = 1e-05
I1031 06:40:37.001054 15629 solver.cpp:191] Iteration 20, loss = 0.425584
I1031 06:40:37.001088 15629 solver.cpp:403] Iteration 20, lr = 1e-05
I1031 06:40:37.865486 15629 solver.cpp:191] Iteration 21, loss = 0.469279
I1031 06:40:37.865521 15629 solver.cpp:403] Iteration 21, lr = 1e-05
I1031 06:40:38.971045 15629 solver.cpp:191] Iteration 22, loss = 0.876746
I1031 06:40:38.971079 15629 solver.cpp:403] Iteration 22, lr = 1e-05
I1031 06:40:40.086125 15629 solver.cpp:191] Iteration 23, loss = 0.803707
I1031 06:40:40.086160 15629 solver.cpp:403] Iteration 23, lr = 1e-05
I1031 06:40:41.212254 15629 solver.cpp:191] Iteration 24, loss = 0.665578
I1031 06:40:41.212288 15629 solver.cpp:403] Iteration 24, lr = 1e-05
I1031 06:40:42.363796 15629 solver.cpp:191] Iteration 25, loss = 0.741853
I1031 06:40:42.363867 15629 solver.cpp:403] Iteration 25, lr = 1e-05
I1031 06:40:43.552130 15629 solver.cpp:191] Iteration 26, loss = 0.790251
I1031 06:40:43.552165 15629 solver.cpp:403] Iteration 26, lr = 1e-05
I1031 06:40:44.648051 15629 solver.cpp:191] Iteration 27, loss = 0.841043
I1031 06:40:44.648085 15629 solver.cpp:403] Iteration 27, lr = 1e-05
I1031 06:40:45.781505 15629 solver.cpp:191] Iteration 28, loss = 0.712973
I1031 06:40:45.781539 15629 solver.cpp:403] Iteration 28, lr = 1e-05
I1031 06:40:46.864033 15629 solver.cpp:191] Iteration 29, loss = 0.734682
I1031 06:40:46.864070 15629 solver.cpp:403] Iteration 29, lr = 1e-05
I1031 06:40:46.864316 15629 solver.cpp:247] Iteration 30, Testing net (#0)
I1031 06:40:47.035362 15629 solver.cpp:285] Test loss: 0.778973
I1031 06:40:47.035395 15629 solver.cpp:298]     Test net output #0: accuracy = 0.326733
I1031 06:40:47.035401 15629 solver.cpp:298]     Test net output #1: accuracy = 0.770833
I1031 06:40:47.035406 15629 solver.cpp:298]     Test net output #2: accuracy = 0.548783
I1031 06:40:47.035411 15629 solver.cpp:298]     Test net output #3: accuracy = 0.469799
I1031 06:40:47.959873 15629 solver.cpp:191] Iteration 30, loss = 0.757298
I1031 06:40:47.959909 15629 solver.cpp:403] Iteration 30, lr = 1e-05
I1031 06:40:49.075189 15629 solver.cpp:191] Iteration 31, loss = 0.807967
I1031 06:40:49.075224 15629 solver.cpp:403] Iteration 31, lr = 1e-05
I1031 06:40:50.132818 15629 solver.cpp:191] Iteration 32, loss = 0.59374
I1031 06:40:50.132853 15629 solver.cpp:403] Iteration 32, lr = 1e-05
I1031 06:40:51.304399 15629 solver.cpp:191] Iteration 33, loss = 0.698973
I1031 06:40:51.304435 15629 solver.cpp:403] Iteration 33, lr = 1e-05
I1031 06:40:52.444650 15629 solver.cpp:191] Iteration 34, loss = 0.886612
I1031 06:40:52.444686 15629 solver.cpp:403] Iteration 34, lr = 1e-05
I1031 06:40:53.551173 15629 solver.cpp:191] Iteration 35, loss = 0.688178
I1031 06:40:53.551209 15629 solver.cpp:403] Iteration 35, lr = 1e-05
I1031 06:40:54.591842 15629 solver.cpp:191] Iteration 36, loss = 0.723207
I1031 06:40:54.591878 15629 solver.cpp:403] Iteration 36, lr = 1e-05
I1031 06:40:55.650917 15629 solver.cpp:191] Iteration 37, loss = 0.749291
I1031 06:40:55.650951 15629 solver.cpp:403] Iteration 37, lr = 1e-05
I1031 06:40:56.621605 15629 solver.cpp:191] Iteration 38, loss = 0.828703
I1031 06:40:56.621634 15629 solver.cpp:403] Iteration 38, lr = 1e-05
I1031 06:40:57.485188 15629 solver.cpp:191] Iteration 39, loss = 0.409083
I1031 06:40:57.485224 15629 solver.cpp:403] Iteration 39, lr = 1e-05
I1031 06:40:58.358541 15629 solver.cpp:191] Iteration 40, loss = 0.433602
I1031 06:40:58.358574 15629 solver.cpp:403] Iteration 40, lr = 1e-05
I1031 06:40:59.228947 15629 solver.cpp:191] Iteration 41, loss = 0.392582
I1031 06:40:59.228977 15629 solver.cpp:403] Iteration 41, lr = 1e-05
I1031 06:41:00.094213 15629 solver.cpp:191] Iteration 42, loss = 0.430144
I1031 06:41:00.094249 15629 solver.cpp:403] Iteration 42, lr = 1e-05
I1031 06:41:00.963376 15629 solver.cpp:191] Iteration 43, loss = 0.463409
I1031 06:41:00.963410 15629 solver.cpp:403] Iteration 43, lr = 1e-05
I1031 06:41:01.940748 15629 solver.cpp:191] Iteration 44, loss = 0.858313
I1031 06:41:01.940783 15629 solver.cpp:403] Iteration 44, lr = 1e-05
I1031 06:41:03.112407 15629 solver.cpp:191] Iteration 45, loss = 0.864852
I1031 06:41:03.112443 15629 solver.cpp:403] Iteration 45, lr = 1e-05
I1031 06:41:04.227669 15629 solver.cpp:191] Iteration 46, loss = 0.852418
I1031 06:41:04.227705 15629 solver.cpp:403] Iteration 46, lr = 1e-05
I1031 06:41:05.310586 15629 solver.cpp:191] Iteration 47, loss = 0.610887
I1031 06:41:05.310621 15629 solver.cpp:403] Iteration 47, lr = 1e-05
I1031 06:41:06.451104 15629 solver.cpp:191] Iteration 48, loss = 0.846033
I1031 06:41:06.451140 15629 solver.cpp:403] Iteration 48, lr = 1e-05
I1031 06:41:07.581109 15629 solver.cpp:191] Iteration 49, loss = 0.775321
I1031 06:41:07.581143 15629 solver.cpp:403] Iteration 49, lr = 1e-05
I1031 06:41:08.719370 15629 solver.cpp:191] Iteration 50, loss = 0.865389
I1031 06:41:08.719406 15629 solver.cpp:403] Iteration 50, lr = 1e-05
I1031 06:41:09.797484 15629 solver.cpp:191] Iteration 51, loss = 0.715973
I1031 06:41:09.797519 15629 solver.cpp:403] Iteration 51, lr = 1e-05
I1031 06:41:10.911070 15629 solver.cpp:191] Iteration 52, loss = 0.623396
I1031 06:41:10.911104 15629 solver.cpp:403] Iteration 52, lr = 1e-05
I1031 06:41:12.030205 15629 solver.cpp:191] Iteration 53, loss = 0.906199
I1031 06:41:12.030238 15629 solver.cpp:403] Iteration 53, lr = 1e-05
I1031 06:41:13.100638 15629 solver.cpp:191] Iteration 54, loss = 0.785143
I1031 06:41:13.100687 15629 solver.cpp:403] Iteration 54, lr = 1e-05
I1031 06:41:14.188109 15629 solver.cpp:191] Iteration 55, loss = 0.795603
I1031 06:41:14.188144 15629 solver.cpp:403] Iteration 55, lr = 1e-05
I1031 06:41:15.390578 15629 solver.cpp:191] Iteration 56, loss = 0.824422
I1031 06:41:15.390610 15629 solver.cpp:403] Iteration 56, lr = 1e-05
I1031 06:41:16.492588 15629 solver.cpp:191] Iteration 57, loss = 0.810621
I1031 06:41:16.492624 15629 solver.cpp:403] Iteration 57, lr = 1e-05
I1031 06:41:17.587862 15629 solver.cpp:191] Iteration 58, loss = 0.573942
I1031 06:41:17.587895 15629 solver.cpp:403] Iteration 58, lr = 1e-05
I1031 06:41:18.645365 15629 solver.cpp:191] Iteration 59, loss = 0.894889
I1031 06:41:18.645401 15629 solver.cpp:403] Iteration 59, lr = 1e-05
I1031 06:41:18.645647 15629 solver.cpp:247] Iteration 60, Testing net (#0)
I1031 06:41:18.815166 15629 solver.cpp:285] Test loss: 0.791869
I1031 06:41:18.815201 15629 solver.cpp:298]     Test net output #0: accuracy = 0.29703
I1031 06:41:18.815207 15629 solver.cpp:298]     Test net output #1: accuracy = 0.6875
I1031 06:41:18.815212 15629 solver.cpp:298]     Test net output #2: accuracy = 0.492265
I1031 06:41:18.815217 15629 solver.cpp:298]     Test net output #3: accuracy = 0.422819
I1031 06:41:19.675617 15629 solver.cpp:191] Iteration 60, loss = 0.895142
I1031 06:41:19.675652 15629 solver.cpp:403] Iteration 60, lr = 1e-05
I1031 06:41:20.561327 15629 solver.cpp:191] Iteration 61, loss = 0.428084
I1031 06:41:20.561360 15629 solver.cpp:403] Iteration 61, lr = 1e-05
I1031 06:41:21.432281 15629 solver.cpp:191] Iteration 62, loss = 0.44834
I1031 06:41:21.432314 15629 solver.cpp:403] Iteration 62, lr = 1e-05
I1031 06:41:22.299777 15629 solver.cpp:191] Iteration 63, loss = 0.419647
I1031 06:41:22.299813 15629 solver.cpp:403] Iteration 63, lr = 1e-05
I1031 06:41:23.167301 15629 solver.cpp:191] Iteration 64, loss = 0.424054
I1031 06:41:23.167336 15629 solver.cpp:403] Iteration 64, lr = 1e-05
I1031 06:41:24.033222 15629 solver.cpp:191] Iteration 65, loss = 0.449661
I1031 06:41:24.033257 15629 solver.cpp:403] Iteration 65, lr = 1e-05
I1031 06:41:24.943584 15629 solver.cpp:191] Iteration 66, loss = 0.873761
I1031 06:41:24.943620 15629 solver.cpp:403] Iteration 66, lr = 1e-05
I1031 06:41:26.106580 15629 solver.cpp:191] Iteration 67, loss = 0.725246
I1031 06:41:26.106616 15629 solver.cpp:403] Iteration 67, lr = 1e-05
I1031 06:41:27.187281 15629 solver.cpp:191] Iteration 68, loss = 0.79198
I1031 06:41:27.187319 15629 solver.cpp:403] Iteration 68, lr = 1e-05
I1031 06:41:28.269879 15629 solver.cpp:191] Iteration 69, loss = 0.549141
I1031 06:41:28.269915 15629 solver.cpp:403] Iteration 69, lr = 1e-05
I1031 06:41:29.456759 15629 solver.cpp:191] Iteration 70, loss = 0.805589
I1031 06:41:29.456794 15629 solver.cpp:403] Iteration 70, lr = 1e-05
I1031 06:41:30.568299 15629 solver.cpp:191] Iteration 71, loss = 0.741167
I1031 06:41:30.568333 15629 solver.cpp:403] Iteration 71, lr = 1e-05
I1031 06:41:31.701669 15629 solver.cpp:191] Iteration 72, loss = 0.714598
I1031 06:41:31.701704 15629 solver.cpp:403] Iteration 72, lr = 1e-05
I1031 06:41:32.776898 15629 solver.cpp:191] Iteration 73, loss = 0.856767
I1031 06:41:32.776934 15629 solver.cpp:403] Iteration 73, lr = 1e-05
I1031 06:41:33.840394 15629 solver.cpp:191] Iteration 74, loss = 0.667164
I1031 06:41:33.840428 15629 solver.cpp:403] Iteration 74, lr = 1e-05
I1031 06:41:34.903399 15629 solver.cpp:191] Iteration 75, loss = 0.786189
I1031 06:41:34.903435 15629 solver.cpp:403] Iteration 75, lr = 1e-05
I1031 06:41:35.982074 15629 solver.cpp:191] Iteration 76, loss = 0.781793
I1031 06:41:35.982111 15629 solver.cpp:403] Iteration 76, lr = 1e-05
I1031 06:41:37.073326 15629 solver.cpp:191] Iteration 77, loss = 0.640239
I1031 06:41:37.073361 15629 solver.cpp:403] Iteration 77, lr = 1e-05
I1031 06:41:38.216356 15629 solver.cpp:191] Iteration 78, loss = 0.798462
I1031 06:41:38.216392 15629 solver.cpp:403] Iteration 78, lr = 1e-05
I1031 06:41:39.378482 15629 solver.cpp:191] Iteration 79, loss = 0.775268
I1031 06:41:39.378514 15629 solver.cpp:403] Iteration 79, lr = 1e-05
I1031 06:41:40.485785 15629 solver.cpp:191] Iteration 80, loss = 0.787402
I1031 06:41:40.485821 15629 solver.cpp:403] Iteration 80, lr = 1e-05
I1031 06:41:41.563958 15629 solver.cpp:191] Iteration 81, loss = 0.69958
I1031 06:41:41.563992 15629 solver.cpp:403] Iteration 81, lr = 1e-05
I1031 06:41:42.595048 15629 solver.cpp:191] Iteration 82, loss = 0.834509
I1031 06:41:42.595082 15629 solver.cpp:403] Iteration 82, lr = 1e-05
I1031 06:41:43.476490 15629 solver.cpp:191] Iteration 83, loss = 0.448478
I1031 06:41:43.476573 15629 solver.cpp:403] Iteration 83, lr = 1e-05
I1031 06:41:44.357202 15629 solver.cpp:191] Iteration 84, loss = 0.401783
I1031 06:41:44.357236 15629 solver.cpp:403] Iteration 84, lr = 1e-05
I1031 06:41:45.224853 15629 solver.cpp:191] Iteration 85, loss = 0.418939
I1031 06:41:45.224887 15629 solver.cpp:403] Iteration 85, lr = 1e-05
I1031 06:41:46.096395 15629 solver.cpp:191] Iteration 86, loss = 0.419766
I1031 06:41:46.096429 15629 solver.cpp:403] Iteration 86, lr = 1e-05
I1031 06:41:46.970155 15629 solver.cpp:191] Iteration 87, loss = 0.426754
I1031 06:41:46.970188 15629 solver.cpp:403] Iteration 87, lr = 1e-05
I1031 06:41:47.852013 15629 solver.cpp:191] Iteration 88, loss = 0.981303
I1031 06:41:47.852048 15629 solver.cpp:403] Iteration 88, lr = 1e-05
I1031 06:41:49.022948 15629 solver.cpp:191] Iteration 89, loss = 0.664297
I1031 06:41:49.022982 15629 solver.cpp:403] Iteration 89, lr = 1e-05
I1031 06:41:49.023226 15629 solver.cpp:247] Iteration 90, Testing net (#0)
I1031 06:41:49.192668 15629 solver.cpp:285] Test loss: 0.770258
I1031 06:41:49.192703 15629 solver.cpp:298]     Test net output #0: accuracy = 0.247525
I1031 06:41:49.192709 15629 solver.cpp:298]     Test net output #1: accuracy = 0.875
I1031 06:41:49.192713 15629 solver.cpp:298]     Test net output #2: accuracy = 0.561262
I1031 06:41:49.192718 15629 solver.cpp:298]     Test net output #3: accuracy = 0.449664
I1031 06:41:50.125463 15629 solver.cpp:191] Iteration 90, loss = 0.75085
I1031 06:41:50.125499 15629 solver.cpp:403] Iteration 90, lr = 1e-05
I1031 06:41:51.238809 15629 solver.cpp:191] Iteration 91, loss = 0.624419
I1031 06:41:51.238843 15629 solver.cpp:403] Iteration 91, lr = 1e-05
I1031 06:41:52.399309 15629 solver.cpp:191] Iteration 92, loss = 0.75372
I1031 06:41:52.399343 15629 solver.cpp:403] Iteration 92, lr = 1e-05
I1031 06:41:53.539505 15629 solver.cpp:191] Iteration 93, loss = 0.701919
I1031 06:41:53.539540 15629 solver.cpp:403] Iteration 93, lr = 1e-05
I1031 06:41:54.656136 15629 solver.cpp:191] Iteration 94, loss = 0.638062
I1031 06:41:54.656172 15629 solver.cpp:403] Iteration 94, lr = 1e-05
I1031 06:41:55.752246 15629 solver.cpp:191] Iteration 95, loss = 0.644235
I1031 06:41:55.752281 15629 solver.cpp:403] Iteration 95, lr = 1e-05
I1031 06:41:56.818511 15629 solver.cpp:191] Iteration 96, loss = 0.696847
I1031 06:41:56.818539 15629 solver.cpp:403] Iteration 96, lr = 1e-05
I1031 06:41:57.870618 15629 solver.cpp:191] Iteration 97, loss = 0.687851
I1031 06:41:57.870652 15629 solver.cpp:403] Iteration 97, lr = 1e-05
I1031 06:41:58.960657 15629 solver.cpp:191] Iteration 98, loss = 0.818535
I1031 06:41:58.960691 15629 solver.cpp:403] Iteration 98, lr = 1e-05
I1031 06:42:00.043489 15629 solver.cpp:191] Iteration 99, loss = 0.672368
I1031 06:42:00.043525 15629 solver.cpp:403] Iteration 99, lr = 1e-05
I1031 06:42:01.204578 15629 solver.cpp:191] Iteration 100, loss = 0.762882
I1031 06:42:01.204613 15629 solver.cpp:403] Iteration 100, lr = 1e-05
I1031 06:42:02.349994 15629 solver.cpp:191] Iteration 101, loss = 0.645522
I1031 06:42:02.350029 15629 solver.cpp:403] Iteration 101, lr = 1e-05
I1031 06:42:03.439427 15629 solver.cpp:191] Iteration 102, loss = 0.638559
I1031 06:42:03.439463 15629 solver.cpp:403] Iteration 102, lr = 1e-05
I1031 06:42:04.492369 15629 solver.cpp:191] Iteration 103, loss = 0.658416
I1031 06:42:04.492405 15629 solver.cpp:403] Iteration 103, lr = 1e-05
I1031 06:42:05.563623 15629 solver.cpp:191] Iteration 104, loss = 0.651854
I1031 06:42:05.563659 15629 solver.cpp:403] Iteration 104, lr = 1e-05
I1031 06:42:06.449290 15629 solver.cpp:191] Iteration 105, loss = 0.994354
I1031 06:42:06.449326 15629 solver.cpp:403] Iteration 105, lr = 1e-05
I1031 06:42:07.313537 15629 solver.cpp:191] Iteration 106, loss = 0.456685
I1031 06:42:07.313572 15629 solver.cpp:403] Iteration 106, lr = 1e-05
I1031 06:42:08.180003 15629 solver.cpp:191] Iteration 107, loss = 0.41311
I1031 06:42:08.180037 15629 solver.cpp:403] Iteration 107, lr = 1e-05
I1031 06:42:09.053517 15629 solver.cpp:191] Iteration 108, loss = 0.496424
I1031 06:42:09.053551 15629 solver.cpp:403] Iteration 108, lr = 1e-05
I1031 06:42:09.927359 15629 solver.cpp:191] Iteration 109, loss = 0.510776
I1031 06:42:09.927394 15629 solver.cpp:403] Iteration 109, lr = 1e-05
I1031 06:42:10.795578 15629 solver.cpp:191] Iteration 110, loss = 0.473617
I1031 06:42:10.795614 15629 solver.cpp:403] Iteration 110, lr = 1e-05
I1031 06:42:11.911875 15629 solver.cpp:191] Iteration 111, loss = 0.836373
I1031 06:42:11.911909 15629 solver.cpp:403] Iteration 111, lr = 1e-05
I1031 06:42:12.976385 15629 solver.cpp:191] Iteration 112, loss = 0.62257
I1031 06:42:12.976421 15629 solver.cpp:403] Iteration 112, lr = 1e-05
I1031 06:42:14.081902 15629 solver.cpp:191] Iteration 113, loss = 0.676096
I1031 06:42:14.081969 15629 solver.cpp:403] Iteration 113, lr = 1e-05
I1031 06:42:15.226662 15629 solver.cpp:191] Iteration 114, loss = 0.643435
I1031 06:42:15.226696 15629 solver.cpp:403] Iteration 114, lr = 1e-05
I1031 06:42:16.377936 15629 solver.cpp:191] Iteration 115, loss = 0.683744
I1031 06:42:16.377970 15629 solver.cpp:403] Iteration 115, lr = 1e-05
I1031 06:42:17.482187 15629 solver.cpp:191] Iteration 116, loss = 0.702117
I1031 06:42:17.482220 15629 solver.cpp:403] Iteration 116, lr = 1e-05
I1031 06:42:18.593726 15629 solver.cpp:191] Iteration 117, loss = 0.744375
I1031 06:42:18.593761 15629 solver.cpp:403] Iteration 117, lr = 1e-05
I1031 06:42:19.696804 15629 solver.cpp:191] Iteration 118, loss = 0.736362
I1031 06:42:19.696837 15629 solver.cpp:403] Iteration 118, lr = 1e-05
I1031 06:42:20.793195 15629 solver.cpp:191] Iteration 119, loss = 0.69725
I1031 06:42:20.793229 15629 solver.cpp:403] Iteration 119, lr = 1e-05
I1031 06:42:20.793473 15629 solver.cpp:247] Iteration 120, Testing net (#0)
I1031 06:42:20.962177 15629 solver.cpp:285] Test loss: 0.797612
I1031 06:42:20.962210 15629 solver.cpp:298]     Test net output #0: accuracy = 0.267327
I1031 06:42:20.962216 15629 solver.cpp:298]     Test net output #1: accuracy = 0.791667
I1031 06:42:20.962221 15629 solver.cpp:298]     Test net output #2: accuracy = 0.529497
I1031 06:42:20.962225 15629 solver.cpp:298]     Test net output #3: accuracy = 0.436242
I1031 06:42:21.923575 15629 solver.cpp:191] Iteration 120, loss = 0.63141
I1031 06:42:21.923609 15629 solver.cpp:403] Iteration 120, lr = 1e-05
I1031 06:42:22.967573 15629 solver.cpp:191] Iteration 121, loss = 0.800374
I1031 06:42:22.967609 15629 solver.cpp:403] Iteration 121, lr = 1e-05
I1031 06:42:24.152062 15629 solver.cpp:191] Iteration 122, loss = 0.677367
I1031 06:42:24.152097 15629 solver.cpp:403] Iteration 122, lr = 1e-05
I1031 06:42:25.286803 15629 solver.cpp:191] Iteration 123, loss = 0.708393
I1031 06:42:25.286839 15629 solver.cpp:403] Iteration 123, lr = 1e-05
I1031 06:42:26.396589 15629 solver.cpp:191] Iteration 124, loss = 0.691477
I1031 06:42:26.396625 15629 solver.cpp:403] Iteration 124, lr = 1e-05
I1031 06:42:27.449779 15629 solver.cpp:191] Iteration 125, loss = 0.655724
I1031 06:42:27.449815 15629 solver.cpp:403] Iteration 125, lr = 1e-05
I1031 06:42:28.491843 15629 solver.cpp:191] Iteration 126, loss = 0.654157
I1031 06:42:28.491879 15629 solver.cpp:403] Iteration 126, lr = 1e-05
I1031 06:42:29.454710 15629 solver.cpp:191] Iteration 127, loss = 0.944275
I1031 06:42:29.454745 15629 solver.cpp:403] Iteration 127, lr = 1e-05
I1031 06:42:30.343222 15629 solver.cpp:191] Iteration 128, loss = 0.495883
I1031 06:42:30.343255 15629 solver.cpp:403] Iteration 128, lr = 1e-05
I1031 06:42:31.228838 15629 solver.cpp:191] Iteration 129, loss = 0.450428
I1031 06:42:31.228871 15629 solver.cpp:403] Iteration 129, lr = 1e-05
I1031 06:42:32.115872 15629 solver.cpp:191] Iteration 130, loss = 0.43467
I1031 06:42:32.115905 15629 solver.cpp:403] Iteration 130, lr = 1e-05
I1031 06:42:32.994313 15629 solver.cpp:191] Iteration 131, loss = 0.499407
I1031 06:42:32.994348 15629 solver.cpp:403] Iteration 131, lr = 1e-05
I1031 06:42:33.861352 15629 solver.cpp:191] Iteration 132, loss = 0.499082
I1031 06:42:33.861387 15629 solver.cpp:403] Iteration 132, lr = 1e-05
I1031 06:42:34.877454 15629 solver.cpp:191] Iteration 133, loss = 0.893597
I1031 06:42:34.877490 15629 solver.cpp:403] Iteration 133, lr = 1e-05
I1031 06:42:36.018486 15629 solver.cpp:191] Iteration 134, loss = 0.761383
I1031 06:42:36.018522 15629 solver.cpp:403] Iteration 134, lr = 1e-05
I1031 06:42:37.122921 15629 solver.cpp:191] Iteration 135, loss = 0.584395
I1031 06:42:37.122958 15629 solver.cpp:403] Iteration 135, lr = 1e-05
I1031 06:42:38.257427 15629 solver.cpp:191] Iteration 136, loss = 0.528999
I1031 06:42:38.257463 15629 solver.cpp:403] Iteration 136, lr = 1e-05
I1031 06:42:39.350713 15629 solver.cpp:191] Iteration 137, loss = 0.844361
I1031 06:42:39.350746 15629 solver.cpp:403] Iteration 137, lr = 1e-05
I1031 06:42:40.504710 15629 solver.cpp:191] Iteration 138, loss = 0.781443
I1031 06:42:40.504755 15629 solver.cpp:403] Iteration 138, lr = 1e-05
I1031 06:42:41.622380 15629 solver.cpp:191] Iteration 139, loss = 0.704628
I1031 06:42:41.622416 15629 solver.cpp:403] Iteration 139, lr = 1e-05
I1031 06:42:42.689430 15629 solver.cpp:191] Iteration 140, loss = 0.731204
I1031 06:42:42.689465 15629 solver.cpp:403] Iteration 140, lr = 1e-05
I1031 06:42:43.745636 15629 solver.cpp:191] Iteration 141, loss = 0.667614
I1031 06:42:43.745668 15629 solver.cpp:403] Iteration 141, lr = 1e-05
I1031 06:42:44.815548 15629 solver.cpp:191] Iteration 142, loss = 0.766156
I1031 06:42:44.815614 15629 solver.cpp:403] Iteration 142, lr = 1e-05
I1031 06:42:45.891846 15629 solver.cpp:191] Iteration 143, loss = 0.669771
I1031 06:42:45.891882 15629 solver.cpp:403] Iteration 143, lr = 1e-05
I1031 06:42:46.999351 15629 solver.cpp:191] Iteration 144, loss = 0.672044
I1031 06:42:46.999385 15629 solver.cpp:403] Iteration 144, lr = 1e-05
